This file contains any messages produced by compilers while
running configure, to aid debugging if configure makes a mistake.

It was created by FULL-PACKAGE-NAME configure VERSION, which was
generated by GNU Autoconf 2.69.  Invocation command line was

  $ ./configure 

## --------- ##
## Platform. ##
## --------- ##

hostname = juliosueiras-laptop
uname -m = x86_64
uname -r = 3.16.0-30-generic
uname -s = Linux
uname -v = #40-Ubuntu SMP Mon Jan 12 22:06:37 UTC 2015

/usr/bin/uname -p = unknown
/bin/uname -X     = unknown

/bin/arch              = unknown
/usr/bin/arch -k       = unknown
/usr/convex/getsysinfo = unknown
/usr/bin/hostinfo      = unknown
/bin/machine           = unknown
/usr/bin/oslevel       = unknown
/bin/universe          = unknown

PATH: /home/juliosueiras/.linuxbrew/bin
PATH: /usr/games
PATH: ~/Documents/GitHubRepo/devdocs-shell/devdocs.py
PATH: /home/juliosueiras/tools/go/go-lang/bin
PATH: /home/juliosueiras/.linuxbrew/bin
PATH: /usr/local/sbin
PATH: /usr/local/bin
PATH: /usr/sbin
PATH: /usr/bin
PATH: /sbin
PATH: /bin
PATH: /usr/games
PATH: /usr/local/games
PATH: /sbin/
PATH: /usr/sbin/
PATH: /usr/lib/jvm/java-8-oracle/bin/
PATH: /home/juliosueiras/Documents/SchoolWork/JavaFolders/Test_CI/bluecloth/bin/
PATH: /sbin/
PATH: /usr/sbin/
PATH: /usr/lib/jvm/java-8-oracle/bin/
PATH: /home/juliosueiras/Documents/SchoolWork/JavaFolders/Test_CI/bluecloth/bin/


## ----------- ##
## Core tests. ##
## ----------- ##

configure:2203: checking for g++
configure:2219: found /usr/bin/g++
configure:2230: result: g++
configure:2257: checking for C++ compiler version
configure:2266: g++ --version >&5
g++ (Ubuntu 4.9.1-16ubuntu6) 4.9.1
Copyright (C) 2014 Free Software Foundation, Inc.
This is free software; see the source for copying conditions.  There is NO
warranty; not even for MERCHANTABILITY or FITNESS FOR A PARTICULAR PURPOSE.

configure:2277: $? = 0
configure:2266: g++ -v >&5
Using built-in specs.
COLLECT_GCC=g++
COLLECT_LTO_WRAPPER=/usr/lib/gcc/x86_64-linux-gnu/4.9/lto-wrapper
Target: x86_64-linux-gnu
Configured with: ../src/configure -v --with-pkgversion='Ubuntu 4.9.1-16ubuntu6' --with-bugurl=file:///usr/share/doc/gcc-4.9/README.Bugs --enable-languages=c,c++,java,go,d,fortran,objc,obj-c++ --prefix=/usr --program-suffix=-4.9 --enable-shared --enable-linker-build-id --libexecdir=/usr/lib --without-included-gettext --enable-threads=posix --with-gxx-include-dir=/usr/include/c++/4.9 --libdir=/usr/lib --enable-nls --with-sysroot=/ --enable-clocale=gnu --enable-libstdcxx-debug --enable-libstdcxx-time=yes --enable-gnu-unique-object --disable-vtable-verify --enable-plugin --with-system-zlib --disable-browser-plugin --enable-java-awt=gtk --enable-gtk-cairo --with-java-home=/usr/lib/jvm/java-1.5.0-gcj-4.9-amd64/jre --enable-java-home --with-jvm-root-dir=/usr/lib/jvm/java-1.5.0-gcj-4.9-amd64 --with-jvm-jar-dir=/usr/lib/jvm-exports/java-1.5.0-gcj-4.9-amd64 --with-arch-directory=amd64 --with-ecj-jar=/usr/share/java/eclipse-ecj.jar --enable-objc-gc --enable-multiarch --disable-werror --with-arch-32=i686 --with-abi=m64 --with-multilib-list=m32,m64,mx32 --enable-multilib --with-tune=generic --enable-checking=release --build=x86_64-linux-gnu --host=x86_64-linux-gnu --target=x86_64-linux-gnu
Thread model: posix
gcc version 4.9.1 (Ubuntu 4.9.1-16ubuntu6) 
configure:2277: $? = 0
configure:2266: g++ -V >&5
g++: error: unrecognized command line option '-V'
g++: fatal error: no input files
compilation terminated.
configure:2277: $? = 4
configure:2266: g++ -qversion >&5
g++: error: unrecognized command line option '-qversion'
g++: fatal error: no input files
compilation terminated.
configure:2277: $? = 4
configure:2297: checking whether the C++ compiler works
configure:2319: g++    conftest.cpp  >&5
configure:2323: $? = 0
configure:2371: result: yes
configure:2374: checking for C++ compiler default output file name
configure:2376: result: a.out
configure:2382: checking for suffix of executables
configure:2389: g++ -o conftest    conftest.cpp  >&5
configure:2393: $? = 0
configure:2415: result: 
configure:2437: checking whether we are cross compiling
configure:2445: g++ -o conftest    conftest.cpp  >&5
configure:2449: $? = 0
configure:2456: ./conftest
configure:2460: $? = 0
configure:2475: result: no
configure:2480: checking for suffix of object files
configure:2502: g++ -c   conftest.cpp >&5
configure:2506: $? = 0
configure:2527: result: o
configure:2531: checking whether we are using the GNU C++ compiler
configure:2550: g++ -c   conftest.cpp >&5
configure:2550: $? = 0
configure:2559: result: yes
configure:2568: checking whether g++ accepts -g
configure:2588: g++ -c -g  conftest.cpp >&5
configure:2588: $? = 0
configure:2629: result: yes
configure:2656: checking for gawk
configure:2672: found /usr/bin/gawk
configure:2683: result: gawk
configure:2742: checking for gcc
configure:2758: found /usr/bin/gcc
configure:2769: result: gcc
configure:2998: checking for C compiler version
configure:3007: gcc --version >&5
gcc (Ubuntu 4.9.1-16ubuntu6) 4.9.1
Copyright (C) 2014 Free Software Foundation, Inc.
This is free software; see the source for copying conditions.  There is NO
warranty; not even for MERCHANTABILITY or FITNESS FOR A PARTICULAR PURPOSE.

configure:3018: $? = 0
configure:3007: gcc -v >&5
Using built-in specs.
COLLECT_GCC=gcc
COLLECT_LTO_WRAPPER=/usr/lib/gcc/x86_64-linux-gnu/4.9/lto-wrapper
Target: x86_64-linux-gnu
Configured with: ../src/configure -v --with-pkgversion='Ubuntu 4.9.1-16ubuntu6' --with-bugurl=file:///usr/share/doc/gcc-4.9/README.Bugs --enable-languages=c,c++,java,go,d,fortran,objc,obj-c++ --prefix=/usr --program-suffix=-4.9 --enable-shared --enable-linker-build-id --libexecdir=/usr/lib --without-included-gettext --enable-threads=posix --with-gxx-include-dir=/usr/include/c++/4.9 --libdir=/usr/lib --enable-nls --with-sysroot=/ --enable-clocale=gnu --enable-libstdcxx-debug --enable-libstdcxx-time=yes --enable-gnu-unique-object --disable-vtable-verify --enable-plugin --with-system-zlib --disable-browser-plugin --enable-java-awt=gtk --enable-gtk-cairo --with-java-home=/usr/lib/jvm/java-1.5.0-gcj-4.9-amd64/jre --enable-java-home --with-jvm-root-dir=/usr/lib/jvm/java-1.5.0-gcj-4.9-amd64 --with-jvm-jar-dir=/usr/lib/jvm-exports/java-1.5.0-gcj-4.9-amd64 --with-arch-directory=amd64 --with-ecj-jar=/usr/share/java/eclipse-ecj.jar --enable-objc-gc --enable-multiarch --disable-werror --with-arch-32=i686 --with-abi=m64 --with-multilib-list=m32,m64,mx32 --enable-multilib --with-tune=generic --enable-checking=release --build=x86_64-linux-gnu --host=x86_64-linux-gnu --target=x86_64-linux-gnu
Thread model: posix
gcc version 4.9.1 (Ubuntu 4.9.1-16ubuntu6) 
configure:3018: $? = 0
configure:3007: gcc -V >&5
gcc: error: unrecognized command line option '-V'
gcc: fatal error: no input files
compilation terminated.
configure:3018: $? = 4
configure:3007: gcc -qversion >&5
gcc: error: unrecognized command line option '-qversion'
gcc: fatal error: no input files
compilation terminated.
configure:3018: $? = 4
configure:3022: checking whether we are using the GNU C compiler
configure:3041: gcc -c   conftest.c >&5
configure:3041: $? = 0
configure:3050: result: yes
configure:3059: checking whether gcc accepts -g
configure:3079: gcc -c -g  conftest.c >&5
configure:3079: $? = 0
configure:3120: result: yes
configure:3137: checking for gcc option to accept ISO C89
configure:3200: gcc  -c -g -O2  conftest.c >&5
configure:3200: $? = 0
configure:3213: result: none needed
configure:3241: checking whether gcc understands -c and -o together
configure:3263: gcc -c conftest.c -o conftest2.o
configure:3266: $? = 0
configure:3263: gcc -c conftest.c -o conftest2.o
configure:3266: $? = 0
configure:3278: result: yes
configure:3300: checking how to run the C preprocessor
configure:3331: gcc -E  conftest.c
configure:3331: $? = 0
configure:3345: gcc -E  conftest.c
conftest.c:9:28: fatal error: ac_nonexistent.h: No such file or directory
 #include <ac_nonexistent.h>
                            ^
compilation terminated.
configure:3345: $? = 1
configure: failed program was:
| /* confdefs.h */
| #define PACKAGE_NAME "FULL-PACKAGE-NAME"
| #define PACKAGE_TARNAME "full-package-name"
| #define PACKAGE_VERSION "VERSION"
| #define PACKAGE_STRING "FULL-PACKAGE-NAME VERSION"
| #define PACKAGE_BUGREPORT "BUG-REPORT-ADDRESS"
| #define PACKAGE_URL ""
| /* end confdefs.h.  */
| #include <ac_nonexistent.h>
configure:3370: result: gcc -E
configure:3390: gcc -E  conftest.c
configure:3390: $? = 0
configure:3404: gcc -E  conftest.c
conftest.c:9:28: fatal error: ac_nonexistent.h: No such file or directory
 #include <ac_nonexistent.h>
                            ^
compilation terminated.
configure:3404: $? = 1
configure: failed program was:
| /* confdefs.h */
| #define PACKAGE_NAME "FULL-PACKAGE-NAME"
| #define PACKAGE_TARNAME "full-package-name"
| #define PACKAGE_VERSION "VERSION"
| #define PACKAGE_STRING "FULL-PACKAGE-NAME VERSION"
| #define PACKAGE_BUGREPORT "BUG-REPORT-ADDRESS"
| #define PACKAGE_URL ""
| /* end confdefs.h.  */
| #include <ac_nonexistent.h>
configure:3475: checking for a BSD-compatible install
configure:3543: result: /usr/bin/install -c
configure:3554: checking whether ln -s works
configure:3558: result: yes
configure:3565: checking whether make sets $(MAKE)
configure:3587: result: yes
configure:3639: checking for ranlib
configure:3655: found /usr/bin/ranlib
configure:3666: result: ranlib
configure:3694: checking for grep that handles long lines and -e
configure:3752: result: /bin/grep
configure:3757: checking for egrep
configure:3819: result: /bin/grep -E
configure:3824: checking for ANSI C header files
configure:3844: gcc -c -g -O2  conftest.c >&5
configure:3844: $? = 0
configure:3917: gcc -o conftest -g -O2   conftest.c  >&5
configure:3917: $? = 0
configure:3917: ./conftest
configure:3917: $? = 0
configure:3928: result: yes
configure:3941: checking for sys/types.h
configure:3941: gcc -c -g -O2  conftest.c >&5
configure:3941: $? = 0
configure:3941: result: yes
configure:3941: checking for sys/stat.h
configure:3941: gcc -c -g -O2  conftest.c >&5
configure:3941: $? = 0
configure:3941: result: yes
configure:3941: checking for stdlib.h
configure:3941: gcc -c -g -O2  conftest.c >&5
configure:3941: $? = 0
configure:3941: result: yes
configure:3941: checking for string.h
configure:3941: gcc -c -g -O2  conftest.c >&5
configure:3941: $? = 0
configure:3941: result: yes
configure:3941: checking for memory.h
configure:3941: gcc -c -g -O2  conftest.c >&5
configure:3941: $? = 0
configure:3941: result: yes
configure:3941: checking for strings.h
configure:3941: gcc -c -g -O2  conftest.c >&5
configure:3941: $? = 0
configure:3941: result: yes
configure:3941: checking for inttypes.h
configure:3941: gcc -c -g -O2  conftest.c >&5
configure:3941: $? = 0
configure:3941: result: yes
configure:3941: checking for stdint.h
configure:3941: gcc -c -g -O2  conftest.c >&5
configure:3941: $? = 0
configure:3941: result: yes
configure:3941: checking for unistd.h
configure:3941: gcc -c -g -O2  conftest.c >&5
configure:3941: $? = 0
configure:3941: result: yes
configure:3956: checking for stdlib.h
configure:3956: result: yes
configure:3956: checking for string.h
configure:3956: result: yes
configure:3972: checking for strchr
configure:3972: gcc -o conftest -g -O2   conftest.c  >&5
conftest.c:44:6: warning: conflicting types for built-in function 'strchr'
 char strchr ();
      ^
configure:3972: $? = 0
configure:3972: result: yes
configure:4098: creating ./config.status

## ---------------------- ##
## Running config.status. ##
## ---------------------- ##

This file was extended by FULL-PACKAGE-NAME config.status VERSION, which was
generated by GNU Autoconf 2.69.  Invocation command line was

  CONFIG_FILES    = 
  CONFIG_HEADERS  = 
  CONFIG_LINKS    = 
  CONFIG_COMMANDS = 
  $ ./config.status 

on juliosueiras-laptop

config.status:814: creating Makefile
config.status:814: creating src/Makefile
config.status:814: creating tests/Makefile
config.status:814: creating config.h

## ---------------- ##
## Cache variables. ##
## ---------------- ##

ac_cv_c_compiler_gnu=yes
ac_cv_cxx_compiler_gnu=yes
ac_cv_env_CCC_set=
ac_cv_env_CCC_value=
ac_cv_env_CC_set=
ac_cv_env_CC_value=
ac_cv_env_CFLAGS_set=
ac_cv_env_CFLAGS_value=
ac_cv_env_CPPFLAGS_set=
ac_cv_env_CPPFLAGS_value=
ac_cv_env_CPP_set=
ac_cv_env_CPP_value=
ac_cv_env_CXXFLAGS_set=
ac_cv_env_CXXFLAGS_value=
ac_cv_env_CXX_set=
ac_cv_env_CXX_value=
ac_cv_env_LDFLAGS_set=
ac_cv_env_LDFLAGS_value=
ac_cv_env_LIBS_set=
ac_cv_env_LIBS_value=
ac_cv_env_build_alias_set=
ac_cv_env_build_alias_value=
ac_cv_env_host_alias_set=
ac_cv_env_host_alias_value=
ac_cv_env_target_alias_set=
ac_cv_env_target_alias_value=
ac_cv_func_strchr=yes
ac_cv_header_inttypes_h=yes
ac_cv_header_memory_h=yes
ac_cv_header_stdc=yes
ac_cv_header_stdint_h=yes
ac_cv_header_stdlib_h=yes
ac_cv_header_string_h=yes
ac_cv_header_strings_h=yes
ac_cv_header_sys_stat_h=yes
ac_cv_header_sys_types_h=yes
ac_cv_header_unistd_h=yes
ac_cv_objext=o
ac_cv_path_EGREP='/bin/grep -E'
ac_cv_path_GREP=/bin/grep
ac_cv_path_install='/usr/bin/install -c'
ac_cv_prog_AWK=gawk
ac_cv_prog_CPP='gcc -E'
ac_cv_prog_ac_ct_CC=gcc
ac_cv_prog_ac_ct_CXX=g++
ac_cv_prog_ac_ct_RANLIB=ranlib
ac_cv_prog_cc_c89=
ac_cv_prog_cc_g=yes
ac_cv_prog_cxx_g=yes
ac_cv_prog_make_make_set=yes
am_cv_prog_cc_c_o=yes

## ----------------- ##
## Output variables. ##
## ----------------- ##

AWK='gawk'
CC='gcc'
CFLAGS='-g -O2'
CPP='gcc -E'
CPPFLAGS=''
CXX='g++'
CXXFLAGS='-g -O2'
DEFS='-DHAVE_CONFIG_H'
ECHO_C=''
ECHO_N='-n'
ECHO_T=''
EGREP='/bin/grep -E'
EXEEXT=''
GREP='/bin/grep'
INSTALL_DATA='${INSTALL} -m 644'
INSTALL_PROGRAM='${INSTALL}'
INSTALL_SCRIPT='${INSTALL}'
LDFLAGS=''
LIBOBJS=''
LIBS=''
LN_S='ln -s'
LTLIBOBJS=''
OBJEXT='o'
PACKAGE_BUGREPORT='BUG-REPORT-ADDRESS'
PACKAGE_NAME='FULL-PACKAGE-NAME'
PACKAGE_STRING='FULL-PACKAGE-NAME VERSION'
PACKAGE_TARNAME='full-package-name'
PACKAGE_URL=''
PACKAGE_VERSION='VERSION'
PATH_SEPARATOR=':'
RANLIB='ranlib'
SET_MAKE=''
SHELL='/bin/bash'
ac_ct_CC='gcc'
ac_ct_CXX='g++'
bindir='${exec_prefix}/bin'
build_alias=''
datadir='${datarootdir}'
datarootdir='${prefix}/share'
docdir='${datarootdir}/doc/${PACKAGE_TARNAME}'
dvidir='${docdir}'
exec_prefix='${prefix}'
host_alias=''
htmldir='${docdir}'
includedir='${prefix}/include'
infodir='${datarootdir}/info'
libdir='${exec_prefix}/lib'
libexecdir='${exec_prefix}/libexec'
localedir='${datarootdir}/locale'
localstatedir='${prefix}/var'
mandir='${datarootdir}/man'
oldincludedir='/usr/include'
pdfdir='${docdir}'
prefix='/usr/local'
program_transform_name='s,x,x,'
psdir='${docdir}'
sbindir='${exec_prefix}/sbin'
sharedstatedir='${prefix}/com'
sysconfdir='${prefix}/etc'
target_alias=''

## ----------- ##
## confdefs.h. ##
## ----------- ##

/* confdefs.h */
#define PACKAGE_NAME "FULL-PACKAGE-NAME"
#define PACKAGE_TARNAME "full-package-name"
#define PACKAGE_VERSION "VERSION"
#define PACKAGE_STRING "FULL-PACKAGE-NAME VERSION"
#define PACKAGE_BUGREPORT "BUG-REPORT-ADDRESS"
#define PACKAGE_URL ""
#define STDC_HEADERS 1
#define HAVE_SYS_TYPES_H 1
#define HAVE_SYS_STAT_H 1
#define HAVE_STDLIB_H 1
#define HAVE_STRING_H 1
#define HAVE_MEMORY_H 1
#define HAVE_STRINGS_H 1
#define HAVE_INTTYPES_H 1
#define HAVE_STDINT_H 1
#define HAVE_UNISTD_H 1
#define HAVE_STDLIB_H 1
#define HAVE_STRING_H 1
#define HAVE_STRCHR 1

configure: exit 0
