This file contains any messages produced by compilers while
running configure, to aid debugging if configure makes a mistake.

It was created by money_build configure 0.1, which was
generated by GNU Autoconf 2.69.  Invocation command line was

  $ ./configure 

## --------- ##
## Platform. ##
## --------- ##

hostname = juliosueiras-laptop
uname -m = x86_64
uname -r = 3.16.0-30-generic
uname -s = Linux
uname -v = #40-Ubuntu SMP Mon Jan 12 22:06:37 UTC 2015

/usr/bin/uname -p = unknown
/bin/uname -X     = unknown

/bin/arch              = unknown
/usr/bin/arch -k       = unknown
/usr/convex/getsysinfo = unknown
/usr/bin/hostinfo      = unknown
/bin/machine           = unknown
/usr/bin/oslevel       = unknown
/bin/universe          = unknown

PATH: /usr/games
PATH: ~/Documents/GitHubRepo/devdocs-shell/devdocs.py
PATH: /home/juliosueiras/tools/go/go-lang/bin
PATH: /home/juliosueiras/.linuxbrew/bin
PATH: /home/juliosueiras/.linuxbrew/bin
PATH: /usr/games
PATH: ~/Documents/GitHubRepo/devdocs-shell/devdocs.py
PATH: /home/juliosueiras/tools/go/go-lang/bin
PATH: /home/juliosueiras/.linuxbrew/bin
PATH: /usr/local/sbin
PATH: /usr/local/bin
PATH: /usr/sbin
PATH: /usr/bin
PATH: /sbin
PATH: /bin
PATH: /usr/games
PATH: /usr/local/games
PATH: /sbin/
PATH: /usr/sbin/
PATH: /usr/lib/jvm/java-8-oracle/bin/
PATH: /home/juliosueiras/Documents/SchoolWork/JavaFolders/Test_CI/bluecloth/bin/
PATH: /sbin/
PATH: /usr/sbin/
PATH: /usr/lib/jvm/java-8-oracle/bin/
PATH: /home/juliosueiras/Documents/SchoolWork/JavaFolders/Test_CI/bluecloth/bin/
PATH: /sbin/
PATH: /usr/sbin/
PATH: /usr/lib/jvm/java-8-oracle/bin/
PATH: /home/juliosueiras/Documents/SchoolWork/JavaFolders/Test_CI/bluecloth/bin/


## ----------- ##
## Core tests. ##
## ----------- ##

configure:2271: checking for a BSD-compatible install
configure:2339: result: /usr/bin/install -c
configure:2350: checking whether build environment is sane
configure:2405: result: yes
configure:2556: checking for a thread-safe mkdir -p
configure:2595: result: /bin/mkdir -p
configure:2602: checking for gawk
configure:2618: found /usr/bin/gawk
configure:2629: result: gawk
configure:2640: checking whether make sets $(MAKE)
configure:2662: result: yes
configure:2691: checking whether make supports nested variables
configure:2708: result: yes
configure:2863: checking build system type
configure:2877: result: x86_64-unknown-linux-gnu
configure:2897: checking host system type
configure:2910: result: x86_64-unknown-linux-gnu
configure:2951: checking how to print strings
configure:2978: result: printf
configure:3011: checking for style of include used by make
configure:3039: result: GNU
configure:3110: checking for gcc
configure:3126: found /usr/bin/gcc
configure:3137: result: gcc
configure:3366: checking for C compiler version
configure:3375: gcc --version >&5
gcc (Ubuntu 4.9.1-16ubuntu6) 4.9.1
Copyright (C) 2014 Free Software Foundation, Inc.
This is free software; see the source for copying conditions.  There is NO
warranty; not even for MERCHANTABILITY or FITNESS FOR A PARTICULAR PURPOSE.

configure:3386: $? = 0
configure:3375: gcc -v >&5
Using built-in specs.
COLLECT_GCC=gcc
COLLECT_LTO_WRAPPER=/usr/lib/gcc/x86_64-linux-gnu/4.9/lto-wrapper
Target: x86_64-linux-gnu
Configured with: ../src/configure -v --with-pkgversion='Ubuntu 4.9.1-16ubuntu6' --with-bugurl=file:///usr/share/doc/gcc-4.9/README.Bugs --enable-languages=c,c++,java,go,d,fortran,objc,obj-c++ --prefix=/usr --program-suffix=-4.9 --enable-shared --enable-linker-build-id --libexecdir=/usr/lib --without-included-gettext --enable-threads=posix --with-gxx-include-dir=/usr/include/c++/4.9 --libdir=/usr/lib --enable-nls --with-sysroot=/ --enable-clocale=gnu --enable-libstdcxx-debug --enable-libstdcxx-time=yes --enable-gnu-unique-object --disable-vtable-verify --enable-plugin --with-system-zlib --disable-browser-plugin --enable-java-awt=gtk --enable-gtk-cairo --with-java-home=/usr/lib/jvm/java-1.5.0-gcj-4.9-amd64/jre --enable-java-home --with-jvm-root-dir=/usr/lib/jvm/java-1.5.0-gcj-4.9-amd64 --with-jvm-jar-dir=/usr/lib/jvm-exports/java-1.5.0-gcj-4.9-amd64 --with-arch-directory=amd64 --with-ecj-jar=/usr/share/java/eclipse-ecj.jar --enable-objc-gc --enable-multiarch --disable-werror --with-arch-32=i686 --with-abi=m64 --with-multilib-list=m32,m64,mx32 --enable-multilib --with-tune=generic --enable-checking=release --build=x86_64-linux-gnu --host=x86_64-linux-gnu --target=x86_64-linux-gnu
Thread model: posix
gcc version 4.9.1 (Ubuntu 4.9.1-16ubuntu6) 
configure:3386: $? = 0
configure:3375: gcc -V >&5
gcc: error: unrecognized command line option '-V'
gcc: fatal error: no input files
compilation terminated.
configure:3386: $? = 4
configure:3375: gcc -qversion >&5
gcc: error: unrecognized command line option '-qversion'
gcc: fatal error: no input files
compilation terminated.
configure:3386: $? = 4
configure:3406: checking whether the C compiler works
configure:3428: gcc    conftest.c  >&5
configure:3432: $? = 0
configure:3480: result: yes
configure:3483: checking for C compiler default output file name
configure:3485: result: a.out
configure:3491: checking for suffix of executables
configure:3498: gcc -o conftest    conftest.c  >&5
configure:3502: $? = 0
configure:3524: result: 
configure:3546: checking whether we are cross compiling
configure:3554: gcc -o conftest    conftest.c  >&5
configure:3558: $? = 0
configure:3565: ./conftest
configure:3569: $? = 0
configure:3584: result: no
configure:3589: checking for suffix of object files
configure:3611: gcc -c   conftest.c >&5
configure:3615: $? = 0
configure:3636: result: o
configure:3640: checking whether we are using the GNU C compiler
configure:3659: gcc -c   conftest.c >&5
configure:3659: $? = 0
configure:3668: result: yes
configure:3677: checking whether gcc accepts -g
configure:3697: gcc -c -g  conftest.c >&5
configure:3697: $? = 0
configure:3738: result: yes
configure:3755: checking for gcc option to accept ISO C89
configure:3818: gcc  -c -g -O2  conftest.c >&5
configure:3818: $? = 0
configure:3831: result: none needed
configure:3856: checking whether gcc understands -c and -o together
configure:3878: gcc -c conftest.c -o conftest2.o
configure:3881: $? = 0
configure:3878: gcc -c conftest.c -o conftest2.o
configure:3881: $? = 0
configure:3893: result: yes
configure:3912: checking dependency style of gcc
configure:4023: result: gcc3
configure:4038: checking for a sed that does not truncate output
configure:4102: result: /bin/sed
configure:4120: checking for grep that handles long lines and -e
configure:4178: result: /bin/grep
configure:4183: checking for egrep
configure:4245: result: /bin/grep -E
configure:4250: checking for fgrep
configure:4312: result: /bin/grep -F
configure:4347: checking for ld used by gcc
configure:4414: result: /usr/bin/ld
configure:4421: checking if the linker (/usr/bin/ld) is GNU ld
configure:4436: result: yes
configure:4448: checking for BSD- or MS-compatible name lister (nm)
configure:4497: result: /usr/bin/nm -B
configure:4627: checking the name lister (/usr/bin/nm -B) interface
configure:4634: gcc -c -g -O2  conftest.c >&5
configure:4637: /usr/bin/nm -B "conftest.o"
configure:4640: output
0000000000000000 B some_variable
configure:4647: result: BSD nm
configure:4650: checking whether ln -s works
configure:4654: result: yes
configure:4662: checking the maximum length of command line arguments
configure:4793: result: 1572864
configure:4810: checking whether the shell understands some XSI constructs
configure:4820: result: yes
configure:4824: checking whether the shell understands "+="
configure:4830: result: yes
configure:4865: checking how to convert x86_64-unknown-linux-gnu file names to x86_64-unknown-linux-gnu format
configure:4905: result: func_convert_file_noop
configure:4912: checking how to convert x86_64-unknown-linux-gnu file names to toolchain format
configure:4932: result: func_convert_file_noop
configure:4939: checking for /usr/bin/ld option to reload object files
configure:4946: result: -r
configure:5020: checking for objdump
configure:5036: found /usr/bin/objdump
configure:5047: result: objdump
configure:5079: checking how to recognize dependent libraries
configure:5277: result: pass_all
configure:5362: checking for dlltool
configure:5392: result: no
configure:5422: checking how to associate runtime and link libraries
configure:5449: result: printf %s\n
configure:5510: checking for ar
configure:5526: found /usr/bin/ar
configure:5537: result: ar
configure:5574: checking for archiver @FILE support
configure:5591: gcc -c -g -O2  conftest.c >&5
configure:5591: $? = 0
configure:5594: ar cru libconftest.a @conftest.lst >&5
configure:5597: $? = 0
configure:5602: ar cru libconftest.a @conftest.lst >&5
ar: conftest.o: No such file or directory
configure:5605: $? = 1
configure:5617: result: @
configure:5675: checking for strip
configure:5691: found /usr/bin/strip
configure:5702: result: strip
configure:5774: checking for ranlib
configure:5790: found /usr/bin/ranlib
configure:5801: result: ranlib
configure:5903: checking command to parse /usr/bin/nm -B output from gcc object
configure:6023: gcc -c -g -O2  conftest.c >&5
configure:6026: $? = 0
configure:6030: /usr/bin/nm -B conftest.o \| sed -n -e 's/^.*[ ]\([ABCDGIRSTW][ABCDGIRSTW]*\)[ ][ ]*\([_A-Za-z][_A-Za-z0-9]*\)$/\1 \2 \2/p' | sed '/ __gnu_lto/d' \> conftest.nm
configure:6033: $? = 0
configure:6099: gcc -o conftest -g -O2   conftest.c conftstm.o >&5
configure:6102: $? = 0
configure:6140: result: ok
configure:6177: checking for sysroot
configure:6207: result: no
configure:6284: gcc -c -g -O2  conftest.c >&5
configure:6287: $? = 0
configure:6476: checking for mt
configure:6492: found /bin/mt
configure:6503: result: mt
configure:6526: checking if mt is a manifest tool
configure:6532: mt '-?'
configure:6540: result: no
configure:7182: checking how to run the C preprocessor
configure:7213: gcc -E  conftest.c
configure:7213: $? = 0
configure:7227: gcc -E  conftest.c
conftest.c:11:28: fatal error: ac_nonexistent.h: No such file or directory
 #include <ac_nonexistent.h>
                            ^
compilation terminated.
configure:7227: $? = 1
configure: failed program was:
| /* confdefs.h */
| #define PACKAGE_NAME "money_build"
| #define PACKAGE_TARNAME "money_build"
| #define PACKAGE_VERSION "0.1"
| #define PACKAGE_STRING "money_build 0.1"
| #define PACKAGE_BUGREPORT "juliosueiras@gmail.com"
| #define PACKAGE_URL ""
| #define PACKAGE "money_build"
| #define VERSION "0.1"
| /* end confdefs.h.  */
| #include <ac_nonexistent.h>
configure:7252: result: gcc -E
configure:7272: gcc -E  conftest.c
configure:7272: $? = 0
configure:7286: gcc -E  conftest.c
conftest.c:11:28: fatal error: ac_nonexistent.h: No such file or directory
 #include <ac_nonexistent.h>
                            ^
compilation terminated.
configure:7286: $? = 1
configure: failed program was:
| /* confdefs.h */
| #define PACKAGE_NAME "money_build"
| #define PACKAGE_TARNAME "money_build"
| #define PACKAGE_VERSION "0.1"
| #define PACKAGE_STRING "money_build 0.1"
| #define PACKAGE_BUGREPORT "juliosueiras@gmail.com"
| #define PACKAGE_URL ""
| #define PACKAGE "money_build"
| #define VERSION "0.1"
| /* end confdefs.h.  */
| #include <ac_nonexistent.h>
configure:7315: checking for ANSI C header files
configure:7335: gcc -c -g -O2  conftest.c >&5
configure:7335: $? = 0
configure:7408: gcc -o conftest -g -O2   conftest.c  >&5
configure:7408: $? = 0
configure:7408: ./conftest
configure:7408: $? = 0
configure:7419: result: yes
configure:7432: checking for sys/types.h
configure:7432: gcc -c -g -O2  conftest.c >&5
configure:7432: $? = 0
configure:7432: result: yes
configure:7432: checking for sys/stat.h
configure:7432: gcc -c -g -O2  conftest.c >&5
configure:7432: $? = 0
configure:7432: result: yes
configure:7432: checking for stdlib.h
configure:7432: gcc -c -g -O2  conftest.c >&5
configure:7432: $? = 0
configure:7432: result: yes
configure:7432: checking for string.h
configure:7432: gcc -c -g -O2  conftest.c >&5
configure:7432: $? = 0
configure:7432: result: yes
configure:7432: checking for memory.h
configure:7432: gcc -c -g -O2  conftest.c >&5
configure:7432: $? = 0
configure:7432: result: yes
configure:7432: checking for strings.h
configure:7432: gcc -c -g -O2  conftest.c >&5
configure:7432: $? = 0
configure:7432: result: yes
configure:7432: checking for inttypes.h
configure:7432: gcc -c -g -O2  conftest.c >&5
configure:7432: $? = 0
configure:7432: result: yes
configure:7432: checking for stdint.h
configure:7432: gcc -c -g -O2  conftest.c >&5
configure:7432: $? = 0
configure:7432: result: yes
configure:7432: checking for unistd.h
configure:7432: gcc -c -g -O2  conftest.c >&5
configure:7432: $? = 0
configure:7432: result: yes
configure:7446: checking for dlfcn.h
configure:7446: gcc -c -g -O2  conftest.c >&5
configure:7446: $? = 0
configure:7446: result: yes
configure:7652: checking for objdir
configure:7667: result: .libs
configure:7938: checking if gcc supports -fno-rtti -fno-exceptions
configure:7956: gcc -c -g -O2  -fno-rtti -fno-exceptions conftest.c >&5
cc1: warning: command line option '-fno-rtti' is valid for C++/ObjC++ but not for C
configure:7960: $? = 0
configure:7973: result: no
configure:8300: checking for gcc option to produce PIC
configure:8307: result: -fPIC -DPIC
configure:8315: checking if gcc PIC flag -fPIC -DPIC works
configure:8333: gcc -c -g -O2  -fPIC -DPIC -DPIC conftest.c >&5
configure:8337: $? = 0
configure:8350: result: yes
configure:8379: checking if gcc static flag -static works
configure:8407: result: yes
configure:8422: checking if gcc supports -c -o file.o
configure:8443: gcc -c -g -O2  -o out/conftest2.o conftest.c >&5
configure:8447: $? = 0
configure:8469: result: yes
configure:8477: checking if gcc supports -c -o file.o
configure:8524: result: yes
configure:8557: checking whether the gcc linker (/usr/bin/ld -m elf_x86_64) supports shared libraries
configure:9714: result: yes
configure:9751: checking whether -lc should be explicitly linked in
configure:9759: gcc -c -g -O2  conftest.c >&5
configure:9762: $? = 0
configure:9777: gcc -shared  -fPIC -DPIC conftest.o  -v -Wl,-soname -Wl,conftest -o conftest 2\>\&1 \| /bin/grep  -lc  \>/dev/null 2\>\&1
configure:9780: $? = 0
configure:9794: result: no
configure:9954: checking dynamic linker characteristics
configure:10454: gcc -o conftest -g -O2   -Wl,-rpath -Wl,/foo conftest.c  >&5
configure:10454: $? = 0
configure:10688: result: GNU/Linux ld.so
configure:10795: checking how to hardcode library paths into programs
configure:10820: result: immediate
configure:11360: checking whether stripping libraries is possible
configure:11365: result: yes
configure:11400: checking if libtool supports shared libraries
configure:11402: result: yes
configure:11405: checking whether to build shared libraries
configure:11426: result: yes
configure:11429: checking whether to build static libraries
configure:11433: result: yes
configure:11524: checking for pkg-config
configure:11542: found /home/juliosueiras/.linuxbrew/bin/pkg-config
configure:11554: result: /home/juliosueiras/.linuxbrew/bin/pkg-config
configure:11579: checking pkg-config is at least version 0.9.0
configure:11582: result: yes
configure:11592: checking for CHECK
configure:11599: $PKG_CONFIG --exists --print-errors "check >= 0.9.6"
configure:11602: $? = 0
configure:11616: $PKG_CONFIG --exists --print-errors "check >= 0.9.6"
configure:11619: $? = 0
configure:11677: result: yes
configure:11731: checking for gcc
configure:11758: result: gcc
configure:11987: checking for C compiler version
configure:11996: gcc --version >&5
gcc (Ubuntu 4.9.1-16ubuntu6) 4.9.1
Copyright (C) 2014 Free Software Foundation, Inc.
This is free software; see the source for copying conditions.  There is NO
warranty; not even for MERCHANTABILITY or FITNESS FOR A PARTICULAR PURPOSE.

configure:12007: $? = 0
configure:11996: gcc -v >&5
Using built-in specs.
COLLECT_GCC=gcc
COLLECT_LTO_WRAPPER=/usr/lib/gcc/x86_64-linux-gnu/4.9/lto-wrapper
Target: x86_64-linux-gnu
Configured with: ../src/configure -v --with-pkgversion='Ubuntu 4.9.1-16ubuntu6' --with-bugurl=file:///usr/share/doc/gcc-4.9/README.Bugs --enable-languages=c,c++,java,go,d,fortran,objc,obj-c++ --prefix=/usr --program-suffix=-4.9 --enable-shared --enable-linker-build-id --libexecdir=/usr/lib --without-included-gettext --enable-threads=posix --with-gxx-include-dir=/usr/include/c++/4.9 --libdir=/usr/lib --enable-nls --with-sysroot=/ --enable-clocale=gnu --enable-libstdcxx-debug --enable-libstdcxx-time=yes --enable-gnu-unique-object --disable-vtable-verify --enable-plugin --with-system-zlib --disable-browser-plugin --enable-java-awt=gtk --enable-gtk-cairo --with-java-home=/usr/lib/jvm/java-1.5.0-gcj-4.9-amd64/jre --enable-java-home --with-jvm-root-dir=/usr/lib/jvm/java-1.5.0-gcj-4.9-amd64 --with-jvm-jar-dir=/usr/lib/jvm-exports/java-1.5.0-gcj-4.9-amd64 --with-arch-directory=amd64 --with-ecj-jar=/usr/share/java/eclipse-ecj.jar --enable-objc-gc --enable-multiarch --disable-werror --with-arch-32=i686 --with-abi=m64 --with-multilib-list=m32,m64,mx32 --enable-multilib --with-tune=generic --enable-checking=release --build=x86_64-linux-gnu --host=x86_64-linux-gnu --target=x86_64-linux-gnu
Thread model: posix
gcc version 4.9.1 (Ubuntu 4.9.1-16ubuntu6) 
configure:12007: $? = 0
configure:11996: gcc -V >&5
gcc: error: unrecognized command line option '-V'
gcc: fatal error: no input files
compilation terminated.
configure:12007: $? = 4
configure:11996: gcc -qversion >&5
gcc: error: unrecognized command line option '-qversion'
gcc: fatal error: no input files
compilation terminated.
configure:12007: $? = 4
configure:12011: checking whether we are using the GNU C compiler
configure:12039: result: yes
configure:12048: checking whether gcc accepts -g
configure:12109: result: yes
configure:12126: checking for gcc option to accept ISO C89
configure:12202: result: none needed
configure:12227: checking whether gcc understands -c and -o together
configure:12264: result: yes
configure:12283: checking dependency style of gcc
configure:12394: result: gcc3
configure:12415: checking for stdlib.h
configure:12415: result: yes
configure:12541: checking that generated files are newer than configure
configure:12547: result: done
configure:12574: creating ./config.status

## ---------------------- ##
## Running config.status. ##
## ---------------------- ##

This file was extended by money_build config.status 0.1, which was
generated by GNU Autoconf 2.69.  Invocation command line was

  CONFIG_FILES    = 
  CONFIG_HEADERS  = 
  CONFIG_LINKS    = 
  CONFIG_COMMANDS = 
  $ ./config.status 

on juliosueiras-laptop

config.status:1088: creating Makefile
config.status:1088: creating src/Makefile
config.status:1088: creating tests/Makefile
config.status:1088: creating config.h
config.status:1269: config.h is unchanged
config.status:1317: executing depfiles commands
config.status:1317: executing libtool commands

## ---------------- ##
## Cache variables. ##
## ---------------- ##

ac_cv_build=x86_64-unknown-linux-gnu
ac_cv_c_compiler_gnu=yes
ac_cv_env_CC_set=
ac_cv_env_CC_value=
ac_cv_env_CFLAGS_set=
ac_cv_env_CFLAGS_value=
ac_cv_env_CHECK_CFLAGS_set=
ac_cv_env_CHECK_CFLAGS_value=
ac_cv_env_CHECK_LIBS_set=
ac_cv_env_CHECK_LIBS_value=
ac_cv_env_CPPFLAGS_set=
ac_cv_env_CPPFLAGS_value=
ac_cv_env_CPP_set=
ac_cv_env_CPP_value=
ac_cv_env_LDFLAGS_set=
ac_cv_env_LDFLAGS_value=
ac_cv_env_LIBS_set=
ac_cv_env_LIBS_value=
ac_cv_env_PKG_CONFIG_LIBDIR_set=
ac_cv_env_PKG_CONFIG_LIBDIR_value=
ac_cv_env_PKG_CONFIG_PATH_set=
ac_cv_env_PKG_CONFIG_PATH_value=
ac_cv_env_PKG_CONFIG_set=
ac_cv_env_PKG_CONFIG_value=
ac_cv_env_build_alias_set=
ac_cv_env_build_alias_value=
ac_cv_env_host_alias_set=
ac_cv_env_host_alias_value=
ac_cv_env_target_alias_set=
ac_cv_env_target_alias_value=
ac_cv_header_dlfcn_h=yes
ac_cv_header_inttypes_h=yes
ac_cv_header_memory_h=yes
ac_cv_header_stdc=yes
ac_cv_header_stdint_h=yes
ac_cv_header_stdlib_h=yes
ac_cv_header_string_h=yes
ac_cv_header_strings_h=yes
ac_cv_header_sys_stat_h=yes
ac_cv_header_sys_types_h=yes
ac_cv_header_unistd_h=yes
ac_cv_host=x86_64-unknown-linux-gnu
ac_cv_objext=o
ac_cv_path_EGREP='/bin/grep -E'
ac_cv_path_FGREP='/bin/grep -F'
ac_cv_path_GREP=/bin/grep
ac_cv_path_SED=/bin/sed
ac_cv_path_ac_pt_PKG_CONFIG=/home/juliosueiras/.linuxbrew/bin/pkg-config
ac_cv_path_install='/usr/bin/install -c'
ac_cv_path_mkdir=/bin/mkdir
ac_cv_prog_AWK=gawk
ac_cv_prog_CPP='gcc -E'
ac_cv_prog_ac_ct_AR=ar
ac_cv_prog_ac_ct_CC=gcc
ac_cv_prog_ac_ct_MANIFEST_TOOL=mt
ac_cv_prog_ac_ct_OBJDUMP=objdump
ac_cv_prog_ac_ct_RANLIB=ranlib
ac_cv_prog_ac_ct_STRIP=strip
ac_cv_prog_cc_c89=
ac_cv_prog_cc_g=yes
ac_cv_prog_make_make_set=yes
am_cv_CC_dependencies_compiler_type=gcc3
am_cv_make_support_nested_variables=yes
am_cv_prog_cc_c_o=yes
lt_cv_ar_at_file=@
lt_cv_archive_cmds_need_lc=no
lt_cv_deplibs_check_method=pass_all
lt_cv_file_magic_cmd='$MAGIC_CMD'
lt_cv_file_magic_test_file=
lt_cv_ld_reload_flag=-r
lt_cv_nm_interface='BSD nm'
lt_cv_objdir=.libs
lt_cv_path_LD=/usr/bin/ld
lt_cv_path_NM='/usr/bin/nm -B'
lt_cv_path_mainfest_tool=no
lt_cv_prog_compiler_c_o=yes
lt_cv_prog_compiler_pic='-fPIC -DPIC'
lt_cv_prog_compiler_pic_works=yes
lt_cv_prog_compiler_rtti_exceptions=no
lt_cv_prog_compiler_static_works=yes
lt_cv_prog_gnu_ld=yes
lt_cv_sharedlib_from_linklib_cmd='printf %s\n'
lt_cv_shlibpath_overrides_runpath=no
lt_cv_sys_global_symbol_pipe='sed -n -e '\''s/^.*[	 ]\([ABCDGIRSTW][ABCDGIRSTW]*\)[	 ][	 ]*\([_A-Za-z][_A-Za-z0-9]*\)$/\1 \2 \2/p'\'' | sed '\''/ __gnu_lto/d'\'''
lt_cv_sys_global_symbol_to_c_name_address='sed -n -e '\''s/^: \([^ ]*\)[ ]*$/  {\"\1\", (void *) 0},/p'\'' -e '\''s/^[ABCDGIRSTW]* \([^ ]*\) \([^ ]*\)$/  {"\2", (void *) \&\2},/p'\'''
lt_cv_sys_global_symbol_to_c_name_address_lib_prefix='sed -n -e '\''s/^: \([^ ]*\)[ ]*$/  {\"\1\", (void *) 0},/p'\'' -e '\''s/^[ABCDGIRSTW]* \([^ ]*\) \(lib[^ ]*\)$/  {"\2", (void *) \&\2},/p'\'' -e '\''s/^[ABCDGIRSTW]* \([^ ]*\) \([^ ]*\)$/  {"lib\2", (void *) \&\2},/p'\'''
lt_cv_sys_global_symbol_to_cdecl='sed -n -e '\''s/^T .* \(.*\)$/extern int \1();/p'\'' -e '\''s/^[ABCDGIRSTW]* .* \(.*\)$/extern char \1;/p'\'''
lt_cv_sys_max_cmd_len=1572864
lt_cv_to_host_file_cmd=func_convert_file_noop
lt_cv_to_tool_file_cmd=func_convert_file_noop
pkg_cv_CHECK_CFLAGS='-pthread -I/usr/local/include '
pkg_cv_CHECK_LIBS='-L/usr/local/lib -lcheck '

## ----------------- ##
## Output variables. ##
## ----------------- ##

ACLOCAL='${SHELL} /home/juliosueiras/Documents/Winter2015Class/PROG20799/c_program/check_tutorial/missing aclocal-1.14'
AMDEPBACKSLASH='\'
AMDEP_FALSE='#'
AMDEP_TRUE=''
AMTAR='$${TAR-tar}'
AM_BACKSLASH='\'
AM_DEFAULT_V='$(AM_DEFAULT_VERBOSITY)'
AM_DEFAULT_VERBOSITY='1'
AM_V='$(V)'
AR='ar'
AUTOCONF='${SHELL} /home/juliosueiras/Documents/Winter2015Class/PROG20799/c_program/check_tutorial/missing autoconf'
AUTOHEADER='${SHELL} /home/juliosueiras/Documents/Winter2015Class/PROG20799/c_program/check_tutorial/missing autoheader'
AUTOMAKE='${SHELL} /home/juliosueiras/Documents/Winter2015Class/PROG20799/c_program/check_tutorial/missing automake-1.14'
AWK='gawk'
CC='gcc'
CCDEPMODE='depmode=gcc3'
CFLAGS='-g -O2'
CHECK_CFLAGS='-pthread -I/usr/local/include '
CHECK_LIBS='-L/usr/local/lib -lcheck '
CPP='gcc -E'
CPPFLAGS=''
CYGPATH_W='echo'
DEFS='-DHAVE_CONFIG_H'
DEPDIR='.deps'
DLLTOOL='false'
DSYMUTIL=''
DUMPBIN=''
ECHO_C=''
ECHO_N='-n'
ECHO_T=''
EGREP='/bin/grep -E'
EXEEXT=''
FGREP='/bin/grep -F'
GREP='/bin/grep'
INSTALL_DATA='${INSTALL} -m 644'
INSTALL_PROGRAM='${INSTALL}'
INSTALL_SCRIPT='${INSTALL}'
INSTALL_STRIP_PROGRAM='$(install_sh) -c -s'
LD='/usr/bin/ld -m elf_x86_64'
LDFLAGS=''
LIBOBJS=''
LIBS=''
LIBTOOL='$(SHELL) $(top_builddir)/libtool'
LIPO=''
LN_S='ln -s'
LTLIBOBJS=''
MAKEINFO='${SHELL} /home/juliosueiras/Documents/Winter2015Class/PROG20799/c_program/check_tutorial/missing makeinfo'
MANIFEST_TOOL=':'
MKDIR_P='/bin/mkdir -p'
NM='/usr/bin/nm -B'
NMEDIT=''
OBJDUMP='objdump'
OBJEXT='o'
OTOOL64=''
OTOOL=''
PACKAGE='money_build'
PACKAGE_BUGREPORT='juliosueiras@gmail.com'
PACKAGE_NAME='money_build'
PACKAGE_STRING='money_build 0.1'
PACKAGE_TARNAME='money_build'
PACKAGE_URL=''
PACKAGE_VERSION='0.1'
PATH_SEPARATOR=':'
PKG_CONFIG='/home/juliosueiras/.linuxbrew/bin/pkg-config'
PKG_CONFIG_LIBDIR=''
PKG_CONFIG_PATH=''
RANLIB='ranlib'
SED='/bin/sed'
SET_MAKE=''
SHELL='/bin/bash'
STRIP='strip'
VERSION='0.1'
ac_ct_AR='ar'
ac_ct_CC='gcc'
ac_ct_DUMPBIN=''
am__EXEEXT_FALSE=''
am__EXEEXT_TRUE='#'
am__fastdepCC_FALSE='#'
am__fastdepCC_TRUE=''
am__include='include'
am__isrc=''
am__leading_dot='.'
am__nodep='_no'
am__quote=''
am__tar='$${TAR-tar} chof - "$$tardir"'
am__untar='$${TAR-tar} xf -'
bindir='${exec_prefix}/bin'
build='x86_64-unknown-linux-gnu'
build_alias=''
build_cpu='x86_64'
build_os='linux-gnu'
build_vendor='unknown'
datadir='${datarootdir}'
datarootdir='${prefix}/share'
docdir='${datarootdir}/doc/${PACKAGE_TARNAME}'
dvidir='${docdir}'
exec_prefix='${prefix}'
host='x86_64-unknown-linux-gnu'
host_alias=''
host_cpu='x86_64'
host_os='linux-gnu'
host_vendor='unknown'
htmldir='${docdir}'
includedir='${prefix}/include'
infodir='${datarootdir}/info'
install_sh='${SHELL} /home/juliosueiras/Documents/Winter2015Class/PROG20799/c_program/check_tutorial/install-sh'
libdir='${exec_prefix}/lib'
libexecdir='${exec_prefix}/libexec'
localedir='${datarootdir}/locale'
localstatedir='${prefix}/var'
mandir='${datarootdir}/man'
mkdir_p='$(MKDIR_P)'
oldincludedir='/usr/include'
pdfdir='${docdir}'
prefix='/usr/local'
program_transform_name='s,x,x,'
psdir='${docdir}'
sbindir='${exec_prefix}/sbin'
sharedstatedir='${prefix}/com'
sysconfdir='${prefix}/etc'
target_alias=''

## ----------- ##
## confdefs.h. ##
## ----------- ##

/* confdefs.h */
#define PACKAGE_NAME "money_build"
#define PACKAGE_TARNAME "money_build"
#define PACKAGE_VERSION "0.1"
#define PACKAGE_STRING "money_build 0.1"
#define PACKAGE_BUGREPORT "juliosueiras@gmail.com"
#define PACKAGE_URL ""
#define PACKAGE "money_build"
#define VERSION "0.1"
#define STDC_HEADERS 1
#define HAVE_SYS_TYPES_H 1
#define HAVE_SYS_STAT_H 1
#define HAVE_STDLIB_H 1
#define HAVE_STRING_H 1
#define HAVE_MEMORY_H 1
#define HAVE_STRINGS_H 1
#define HAVE_INTTYPES_H 1
#define HAVE_STDINT_H 1
#define HAVE_UNISTD_H 1
#define HAVE_DLFCN_H 1
#define LT_OBJDIR ".libs/"
#define HAVE_STDLIB_H 1

configure: exit 0
